<?xml version="1.0" encoding="UTF-8"?>
<testsuite name="ejemplos.UserGreetingTest" tests="1" skipped="0" failures="0" errors="0" timestamp="2023-06-10T13:57:11" hostname="Lenovo" time="1.742">
  <properties/>
  <testcase name="formatsGreetingWithName()" classname="ejemplos.UserGreetingTest" time="1.742"/>
  <system-out><![CDATA[]]></system-out>
  <system-err><![CDATA[]]></system-err>
</testsuite>
