<?xml version="1.0" encoding="UTF-8"?>
<testsuite name="ejemplos.LanzamientoDadosTest" tests="1" skipped="0" failures="0" errors="0" timestamp="2023-06-05T16:55:05" hostname="Lenovo" time="0.099">
  <properties/>
  <testcase name="producesMensage()" classname="ejemplos.LanzamientoDadosTest" time="0.099"/>
  <system-out><![CDATA[]]></system-out>
  <system-err><![CDATA[]]></system-err>
</testsuite>
