<?xml version="1.0" encoding="UTF-8"?>
<testsuite name="ejemplos.UserGreetingTest" tests="1" skipped="0" failures="0" errors="0" timestamp="2023-06-28T13:49:53" hostname="Lenovo" time="2.028">
  <properties/>
  <testcase name="formatsGreetingWithName()" classname="ejemplos.UserGreetingTest" time="2.028"/>
  <system-out><![CDATA[]]></system-out>
  <system-err><![CDATA[]]></system-err>
</testsuite>
