<?xml version="1.0" encoding="UTF-8"?>
<testsuite name="com.wordz.domain.WordSelectionTest" tests="1" skipped="0" failures="0" errors="0" timestamp="2023-06-26T20:02:01" hostname="Lenovo" time="0.97">
  <properties/>
  <testcase name="selectsWordAtRandom()" classname="com.wordz.domain.WordSelectionTest" time="0.97"/>
  <system-out><![CDATA[]]></system-out>
  <system-err><![CDATA[]]></system-err>
</testsuite>
